  Gra.cpp
C:\Users\worjard\Documents\Projektinformatykagra\Projekt informatyka gra\Gra.cpp(90,48): warning C4244: "argument": konwersja z "T" do "float", możliwa utrata danych
          with
          [
              T=unsigned int
          ]
C:\Users\worjard\Documents\Projektinformatykagra\Projekt informatyka gra\Gra.cpp(93,92): warning C4244: "argument": konwersja z "T" do "float", możliwa utrata danych
          with
          [
              T=unsigned int
          ]
C:\Users\worjard\Documents\Projektinformatykagra\Projekt informatyka gra\Gra.cpp(93,54): warning C4244: "argument": konwersja z "T" do "float", możliwa utrata danych
          with
          [
              T=unsigned int
          ]
C:\Users\worjard\Documents\Projektinformatykagra\Projekt informatyka gra\Gra.cpp(166,24): warning C4244: "argument": konwersja z "int" do "float", możliwa utrata danych
C:\Users\worjard\Documents\Projektinformatykagra\Projekt informatyka gra\Gra.cpp(166,20): warning C4244: "argument": konwersja z "int" do "float", możliwa utrata danych
C:\Users\worjard\Documents\Projektinformatykagra\Projekt informatyka gra\Gra.cpp(186,24): warning C4244: "argument": konwersja z "int" do "float", możliwa utrata danych
C:\Users\worjard\Documents\Projektinformatykagra\Projekt informatyka gra\Gra.cpp(186,20): warning C4244: "argument": konwersja z "int" do "float", możliwa utrata danych
C:\Users\worjard\Documents\Projektinformatykagra\Projekt informatyka gra\Gra.cpp(206,24): warning C4244: "argument": konwersja z "int" do "float", możliwa utrata danych
C:\Users\worjard\Documents\Projektinformatykagra\Projekt informatyka gra\Gra.cpp(206,20): warning C4244: "argument": konwersja z "int" do "float", możliwa utrata danych
  Menu.cpp
C:\Users\worjard\Documents\Projektinformatykagra\Projekt informatyka gra\Menu.cpp(14,77): warning C4244: "argument": konwersja z "T" do "float", możliwa utrata danych
          with
          [
              T=unsigned int
          ]
C:\Users\worjard\Documents\Projektinformatykagra\Projekt informatyka gra\Menu.cpp(14,38): warning C4244: "argument": konwersja z "T" do "float", możliwa utrata danych
          with
          [
              T=unsigned int
          ]
  main.cpp
  Trwa generowanie kodu
  9 of 202 functions ( 4.5%) were compiled, the rest were copied from previous compilation.
    0 functions were new in current compilation
    7 functions had inline decision re-evaluated but remain unchanged
  Zakończono generowanie kodu
  Projekt informatyka gra.vcxproj -> C:\Users\worjard\Documents\Projektinformatykagra\x64\Release\Projekt informatyka gra.exe
